<?xml version="1.0" encoding="UTF-8"?>
<testng-results skipped="0" failed="0" ignored="0" total="2" passed="2">
  <reporter-output>
  </reporter-output>
  <suite name="Suite" duration-ms="26328" started-at="2020-04-11T15:28:32 IST" finished-at="2020-04-11T15:28:58 IST">
    <groups>
    </groups>
    <test name="Test" duration-ms="26328" started-at="2020-04-11T15:28:32 IST" finished-at="2020-04-11T15:28:58 IST">
      <class name="TestAssignment.Question3">
        <test-method status="PASS" signature="Test3(java.lang.String, java.lang.String)[pri:0, instance:TestAssignment.Question3@477b4cdf]" name="Test3" duration-ms="12191" started-at="2020-04-11T15:28:33 IST" data-provider="QA" finished-at="2020-04-11T15:28:45 IST">
          <params>
            <param index="0">
              <value>
                <![CDATA[Amul butter]]>
              </value>
            </param>
            <param index="1">
              <value>
                <![CDATA[Amul butter]]>
              </value>
            </param>
          </params>
          <reporter-output>
          </reporter-output>
        </test-method> <!-- Test3 -->
        <test-method status="PASS" signature="Test3(java.lang.String, java.lang.String)[pri:0, instance:TestAssignment.Question3@477b4cdf]" name="Test3" duration-ms="13244" started-at="2020-04-11T15:28:45 IST" data-provider="QA" finished-at="2020-04-11T15:28:58 IST">
          <params>
            <param index="0">
              <value>
                <![CDATA[Amul Butter]]>
              </value>
            </param>
            <param index="1">
              <value>
                <![CDATA[Amul Butter]]>
              </value>
            </param>
          </params>
          <reporter-output>
          </reporter-output>
        </test-method> <!-- Test3 -->
      </class> <!-- TestAssignment.Question3 -->
    </test> <!-- Test -->
  </suite> <!-- Suite -->
</testng-results>
