<?xml version="1.0" encoding="UTF-8"?>
<!-- Generated by org.testng.reporters.JUnitXMLReporter -->
<testsuite hostname="dell-PC" ignored="0" name="Test" tests="3" failures="0" timestamp="2020-05-01T22:48:50 IST" time="0.089" errors="0">
  <testcase name="Test3" time="0.0" classname="TestAssignment.Question3">
    <skipped/>
  </testcase> <!-- Test3 -->
  <testcase name="Test4" time="0.0" classname="TestAssignment.Question4">
    <skipped/>
  </testcase> <!-- Test4 -->
  <testcase name="Test6" time="0.0" classname="TestAssignment.Question6">
    <skipped/>
  </testcase> <!-- Test6 -->
</testsuite> <!-- Test -->
