<?xml version="1.0" encoding="UTF-8"?>
<testng-results ignored="0" total="2" passed="2" failed="0" skipped="0">
  <reporter-output>
  </reporter-output>
  <suite started-at="2020-04-11T14:07:26 IST" name="Suite" finished-at="2020-04-11T14:08:51 IST" duration-ms="84798">
    <groups>
    </groups>
    <test started-at="2020-04-11T14:07:26 IST" name="Test" finished-at="2020-04-11T14:08:51 IST" duration-ms="84798">
      <class name="TestAssignment.Question4">
        <test-method signature="Test4(java.lang.String, java.lang.String)[pri:0, instance:TestAssignment.Question4@13c10b87]" started-at="2020-04-11T14:07:27 IST" name="Test4" data-provider="QA" finished-at="2020-04-11T14:08:32 IST" duration-ms="65016" status="PASS">
          <params>
            <param index="0">
              <value>
                <![CDATA[Amul butter]]>
              </value>
            </param>
            <param index="1">
              <value>
                <![CDATA[Amul butter]]>
              </value>
            </param>
          </params>
          <reporter-output>
          </reporter-output>
        </test-method> <!-- Test4 -->
        <test-method signature="Test4(java.lang.String, java.lang.String)[pri:0, instance:TestAssignment.Question4@13c10b87]" started-at="2020-04-11T14:08:32 IST" name="Test4" data-provider="QA" finished-at="2020-04-11T14:08:51 IST" duration-ms="19100" status="PASS">
          <params>
            <param index="0">
              <value>
                <![CDATA[Amul Butter]]>
              </value>
            </param>
            <param index="1">
              <value>
                <![CDATA[Amul Butter]]>
              </value>
            </param>
          </params>
          <reporter-output>
          </reporter-output>
        </test-method> <!-- Test4 -->
      </class> <!-- TestAssignment.Question4 -->
    </test> <!-- Test -->
  </suite> <!-- Suite -->
</testng-results>
